2020-10-01 15:03:52.915  INFO 23088 --- [main] com.ai.vos.VosWebApplication             : No active profile set, falling back to default profiles: default
2020-10-01 15:03:53.830  INFO 23088 --- [main] .s.d.r.c.RepositoryConfigurationDelegate : Multiple Spring Data modules found, entering strict repository configuration mode!
2020-10-01 15:03:53.835  INFO 23088 --- [main] .s.d.r.c.RepositoryConfigurationDelegate : Bootstrapping Spring Data Redis repositories in DEFAULT mode.
2020-10-01 15:03:53.885  INFO 23088 --- [main] .s.d.r.c.RepositoryConfigurationDelegate : Finished Spring Data repository scanning in 31ms. Found 0 Redis repository interfaces.
2020-10-01 15:03:54.223  INFO 23088 --- [main] o.s.cloud.context.scope.GenericScope     : BeanFactory id=f2349a22-1a8c-3d29-9c51-e312ce48ca38
2020-10-01 15:03:54.739  INFO 23088 --- [main] o.s.b.w.embedded.tomcat.TomcatWebServer  : Tomcat initialized with port(s): 8889 (http)
2020-10-01 15:03:54.753  INFO 23088 --- [main] o.apache.catalina.core.StandardService   : Starting service [Tomcat]
2020-10-01 15:03:54.754  INFO 23088 --- [main] org.apache.catalina.core.StandardEngine  : Starting Servlet engine: [Apache Tomcat/9.0.38]
2020-10-01 15:03:54.886  INFO 23088 --- [main] o.a.c.c.C.[Tomcat].[localhost].[/]       : Initializing Spring embedded WebApplicationContext
2020-10-01 15:03:54.887  INFO 23088 --- [main] w.s.c.ServletWebServerApplicationContext : Root WebApplicationContext: initialization completed in 1947 ms
2020-10-01 15:03:55.774 DEBUG 23088 --- [main] nFilter$$EnhancerBySpringCGLIB$$f6976249 : Filter 'jwtAuthenticationFilter' configured for use
2020-10-01 15:03:55.811  INFO 23088 --- [main] mousio.etcd4j.transport.EtcdNettyClient  : Setting up Etcd4j Netty client
2020-10-01 15:03:57.266  INFO 23088 --- [main] pertySourcedRequestMappingHandlerMapping : Mapped URL path [/v2/api-docs] onto method [springfox.documentation.swagger2.web.Swagger2Controller#getDocumentation(String, HttpServletRequest)]
2020-10-01 15:03:57.396  INFO 23088 --- [main] o.s.s.web.DefaultSecurityFilterChain     : Creating filter chain: any request, [org.springframework.security.web.context.request.async.WebAsyncManagerIntegrationFilter@733e3c19, org.springframework.security.web.context.SecurityContextPersistenceFilter@19c06762, org.springframework.security.web.header.HeaderWriterFilter@5e557671, org.springframework.web.filter.CorsFilter@5418893c, com.ai.vos.config.JwtAuthenticationFilter$$EnhancerBySpringCGLIB$$f6976249@98712fa, org.springframework.security.web.savedrequest.RequestCacheAwareFilter@14b4d90b, org.springframework.security.web.servletapi.SecurityContextHolderAwareRequestFilter@37a939bc, org.springframework.security.web.authentication.AnonymousAuthenticationFilter@22ba30b0, org.springframework.security.web.session.SessionManagementFilter@4f1f2f84, org.springframework.security.web.access.ExceptionTranslationFilter@10280879, org.springframework.security.web.access.intercept.FilterSecurityInterceptor@5cd6a827]
2020-10-01 15:03:57.425  WARN 23088 --- [main] o.s.c.n.a.ArchaiusAutoConfiguration      : No spring.application.name found, defaulting to 'application'
2020-10-01 15:03:57.431  WARN 23088 --- [main] c.n.c.sources.URLConfigurationSource     : No URLs will be polled as dynamic configuration sources.
2020-10-01 15:03:57.432  INFO 23088 --- [main] c.n.c.sources.URLConfigurationSource     : To enable URLs as dynamic configuration sources, define System property archaius.configurationSource.additionalUrls or make config.properties available on classpath.
2020-10-01 15:03:57.441  WARN 23088 --- [main] c.n.c.sources.URLConfigurationSource     : No URLs will be polled as dynamic configuration sources.
2020-10-01 15:03:57.441  INFO 23088 --- [main] c.n.c.sources.URLConfigurationSource     : To enable URLs as dynamic configuration sources, define System property archaius.configurationSource.additionalUrls or make config.properties available on classpath.
2020-10-01 15:03:57.531  INFO 23088 --- [main] o.s.s.concurrent.ThreadPoolTaskExecutor  : Initializing ExecutorService 'applicationTaskExecutor'
2020-10-01 15:03:57.869  INFO 23088 --- [main] t.m.m.autoconfigure.MapperCacheDisabler  : Clear tk.mybatis.mapper.util.MsUtil CLASS_CACHE cache.
2020-10-01 15:03:57.869  INFO 23088 --- [main] t.m.m.autoconfigure.MapperCacheDisabler  : Clear tk.mybatis.mapper.genid.GenIdUtil CACHE cache.
2020-10-01 15:03:57.870  INFO 23088 --- [main] t.m.m.autoconfigure.MapperCacheDisabler  : Clear tk.mybatis.mapper.version.VersionUtil CACHE cache.
2020-10-01 15:03:57.870  INFO 23088 --- [main] t.m.m.autoconfigure.MapperCacheDisabler  : Clear EntityHelper entityTableMap cache.
2020-10-01 15:03:57.921  INFO 23088 --- [main] o.s.b.w.embedded.tomcat.TomcatWebServer  : Tomcat started on port(s): 8889 (http) with context path ''
2020-10-01 15:03:57.941  INFO 23088 --- [main] d.s.w.p.DocumentationPluginsBootstrapper : Context refreshed
2020-10-01 15:03:57.970  INFO 23088 --- [main] d.s.w.p.DocumentationPluginsBootstrapper : Found 1 custom documentation plugin(s)
2020-10-01 15:03:58.001  INFO 23088 --- [main] s.d.s.w.s.ApiListingReferenceScanner     : Scanning for api listing references
2020-10-01 15:03:58.231  INFO 23088 --- [main] com.ai.vos.VosWebApplication             : Started VosWebApplication in 6.616 seconds (JVM running for 7.436)
2020-10-01 15:04:09.524  INFO 23088 --- [http-nio-8889-exec-1] o.a.c.c.C.[Tomcat].[localhost].[/]       : Initializing Spring DispatcherServlet 'dispatcherServlet'
2020-10-01 15:04:09.525  INFO 23088 --- [http-nio-8889-exec-1] o.s.web.servlet.DispatcherServlet        : Initializing Servlet 'dispatcherServlet'
2020-10-01 15:04:09.533  INFO 23088 --- [http-nio-8889-exec-1] o.s.web.servlet.DispatcherServlet        : Completed initialization in 8 ms
2020-10-01 15:04:50.341  INFO 23088 --- [http-nio-8889-exec-2] com.zaxxer.hikari.HikariDataSource       : HikariPool-1 - Starting...
2020-10-01 15:04:50.773  INFO 23088 --- [http-nio-8889-exec-2] com.zaxxer.hikari.HikariDataSource       : HikariPool-1 - Start completed.
2020-10-01 15:04:50.783 DEBUG 23088 --- [http-nio-8889-exec-2] c.a.v.p.m.S.selectOneByExample           : ==>  Preparing: SELECT USER_ID,NAME,LOGIN_NAME,ORG_ID,MAIL,PASSWORD,STATUS,PHONE,ADDRESS,EXPIRE_TIME,LAST_MODIFY_PWD_TIME,REMARK,LANGUAGE_CODE,EMP_ID,FIRST_NAME,LAST_NAME,PINCODE_CODE,COUNTY_CODE,PROV_CODE,REGION_CODE,TENANT_ID,IS_ADMIN FROM sys_user WHERE ( ( NAME = ? ) ) 
2020-10-01 15:04:50.820 DEBUG 23088 --- [http-nio-8889-exec-2] c.a.v.p.m.S.selectOneByExample           : ==> Parameters: admin(String)
2020-10-01 15:04:50.851 DEBUG 23088 --- [http-nio-8889-exec-2] c.a.v.p.m.S.selectOneByExample           : <==      Total: 1
2020-10-01 15:09:05.796 DEBUG 23088 --- [http-nio-8889-exec-3] c.a.v.p.m.S.selectOneByExample           : ==>  Preparing: SELECT USER_ID,NAME,LOGIN_NAME,ORG_ID,MAIL,PASSWORD,STATUS,PHONE,ADDRESS,EXPIRE_TIME,LAST_MODIFY_PWD_TIME,REMARK,LANGUAGE_CODE,EMP_ID,FIRST_NAME,LAST_NAME,PINCODE_CODE,COUNTY_CODE,PROV_CODE,REGION_CODE,TENANT_ID,IS_ADMIN FROM sys_user WHERE ( ( NAME = ? ) ) 
2020-10-01 15:09:05.796 DEBUG 23088 --- [http-nio-8889-exec-3] c.a.v.p.m.S.selectOneByExample           : ==> Parameters: admin(String)
2020-10-01 15:09:05.801 DEBUG 23088 --- [http-nio-8889-exec-3] c.a.v.p.m.S.selectOneByExample           : <==      Total: 1
2020-10-01 15:09:20.978 DEBUG 23088 --- [http-nio-8889-exec-4] c.a.v.p.m.S.selectOneByExample           : ==>  Preparing: SELECT USER_ID,NAME,LOGIN_NAME,ORG_ID,MAIL,PASSWORD,STATUS,PHONE,ADDRESS,EXPIRE_TIME,LAST_MODIFY_PWD_TIME,REMARK,LANGUAGE_CODE,EMP_ID,FIRST_NAME,LAST_NAME,PINCODE_CODE,COUNTY_CODE,PROV_CODE,REGION_CODE,TENANT_ID,IS_ADMIN FROM sys_user WHERE ( ( NAME = ? ) ) 
2020-10-01 15:09:20.979 DEBUG 23088 --- [http-nio-8889-exec-4] c.a.v.p.m.S.selectOneByExample           : ==> Parameters: admin(String)
2020-10-01 15:09:20.982 DEBUG 23088 --- [http-nio-8889-exec-4] c.a.v.p.m.S.selectOneByExample           : <==      Total: 1
2020-10-01 15:09:21.234  INFO 23088 --- [http-nio-8889-exec-4] c.n.u.concurrent.ShutdownEnabledTimer    : Shutdown hook installed for: NFLoadBalancer-PingTimer-registry
2020-10-01 15:09:21.234  INFO 23088 --- [http-nio-8889-exec-4] c.netflix.loadbalancer.BaseLoadBalancer  : Client: registry instantiated a LoadBalancer: DynamicServerListLoadBalancer:{NFLoadBalancer:name=registry,current list of Servers=[],Load balancer stats=Zone stats: {},Server stats: []}ServerList:null
2020-10-01 15:09:21.246  INFO 23088 --- [http-nio-8889-exec-4] c.n.l.DynamicServerListLoadBalancer      : Using serverListUpdater PollingServerListUpdater
2020-10-01 15:09:21.469  INFO 23088 --- [http-nio-8889-exec-4] c.n.l.DynamicServerListLoadBalancer      : DynamicServerListLoadBalancer for client registry initialized: DynamicServerListLoadBalancer:{NFLoadBalancer:name=registry,current list of Servers=[192.168.109.1:60001],Load balancer stats=Zone stats: {unknown=[Zone:unknown;	Instance count:1;	Active connections count: 0;	Circuit breaker tripped count: 0;	Active connections per server: 0.0;]
},Server stats: [[Server:192.168.109.1:60001;	Zone:UNKNOWN;	Total Requests:0;	Successive connection failure:0;	Total blackout seconds:0;	Last connection made:Thu Jan 01 08:00:00 CST 1970;	First connection made: Thu Jan 01 08:00:00 CST 1970;	Active Connections:0;	total failure count in last (1000) msecs:0;	average resp time:0.0;	90 percentile resp time:0.0;	95 percentile resp time:0.0;	min resp time:0.0;	max resp time:0.0;	stddev resp time:0.0]
]}ServerList:com.ai.vos.config.RibbonClientConfig$RegistryRibbonConfig$1@2990bdd
2020-10-01 15:09:21.583  INFO 23088 --- [http-nio-8889-exec-4] c.a.v.c.image.RegistryController         : info get total 1 registry
2020-10-01 15:12:20.278  WARN 23088 --- [HikariPool-1 housekeeper] com.zaxxer.hikari.pool.HikariPool        : HikariPool-1 - Thread starvation or clock leap detected (housekeeper delta=1m58s102ms).
2020-10-01 15:12:20.286 DEBUG 23088 --- [http-nio-8889-exec-5] c.a.v.p.m.S.selectOneByExample           : ==>  Preparing: SELECT USER_ID,NAME,LOGIN_NAME,ORG_ID,MAIL,PASSWORD,STATUS,PHONE,ADDRESS,EXPIRE_TIME,LAST_MODIFY_PWD_TIME,REMARK,LANGUAGE_CODE,EMP_ID,FIRST_NAME,LAST_NAME,PINCODE_CODE,COUNTY_CODE,PROV_CODE,REGION_CODE,TENANT_ID,IS_ADMIN FROM sys_user WHERE ( ( NAME = ? ) ) 
2020-10-01 15:12:20.286 DEBUG 23088 --- [http-nio-8889-exec-5] c.a.v.p.m.S.selectOneByExample           : ==> Parameters: admin(String)
2020-10-01 15:12:20.290 DEBUG 23088 --- [http-nio-8889-exec-5] c.a.v.p.m.S.selectOneByExample           : <==      Total: 1
2020-10-01 15:13:29.917  WARN 23088 --- [HikariPool-1 housekeeper] com.zaxxer.hikari.pool.HikariPool        : HikariPool-1 - Thread starvation or clock leap detected (housekeeper delta=1m9s639ms).
2020-10-01 15:13:29.938  INFO 23088 --- [http-nio-8889-exec-5] c.a.v.c.image.RegistryController         : info get total 1 registry
2020-10-01 15:37:34.822  INFO 23088 --- [Thread-8] c.n.l.PollingServerListUpdater           : Shutting down the Executor Pool for PollingServerListUpdater
2020-10-01 15:37:34.892  INFO 23088 --- [SpringContextShutdownHook] c.n.u.concurrent.ShutdownEnabledTimer    : Shutdown hook removed for: NFLoadBalancer-PingTimer-registry
2020-10-01 15:37:34.896  INFO 23088 --- [SpringContextShutdownHook] c.n.u.concurrent.ShutdownEnabledTimer    : Exception caught (might be ok if at shutdown)

java.lang.IllegalStateException: Shutdown in progress
	at java.base/java.lang.ApplicationShutdownHooks.remove(ApplicationShutdownHooks.java:82)
	at java.base/java.lang.Runtime.removeShutdownHook(Runtime.java:244)
	at com.netflix.util.concurrent.ShutdownEnabledTimer.cancel(ShutdownEnabledTimer.java:70)
	at com.netflix.loadbalancer.BaseLoadBalancer.cancelPingTask(BaseLoadBalancer.java:632)
	at com.netflix.loadbalancer.BaseLoadBalancer.shutdown(BaseLoadBalancer.java:883)
	at com.netflix.loadbalancer.DynamicServerListLoadBalancer.shutdown(DynamicServerListLoadBalancer.java:285)
	at java.base/jdk.internal.reflect.NativeMethodAccessorImpl.invoke0(Native Method)
	at java.base/jdk.internal.reflect.NativeMethodAccessorImpl.invoke(NativeMethodAccessorImpl.java:62)
	at java.base/jdk.internal.reflect.DelegatingMethodAccessorImpl.invoke(DelegatingMethodAccessorImpl.java:43)
	at java.base/java.lang.reflect.Method.invoke(Method.java:566)
	at org.springframework.beans.factory.support.DisposableBeanAdapter.invokeCustomDestroyMethod(DisposableBeanAdapter.java:339)
	at org.springframework.beans.factory.support.DisposableBeanAdapter.destroy(DisposableBeanAdapter.java:273)
	at org.springframework.beans.factory.support.DefaultSingletonBeanRegistry.destroyBean(DefaultSingletonBeanRegistry.java:587)
	at org.springframework.beans.factory.support.DefaultSingletonBeanRegistry.destroySingleton(DefaultSingletonBeanRegistry.java:559)
	at org.springframework.beans.factory.support.DefaultListableBeanFactory.destroySingleton(DefaultListableBeanFactory.java:1092)
	at org.springframework.beans.factory.support.DefaultSingletonBeanRegistry.destroySingletons(DefaultSingletonBeanRegistry.java:520)
	at org.springframework.beans.factory.support.DefaultListableBeanFactory.destroySingletons(DefaultListableBeanFactory.java:1085)
	at org.springframework.context.support.AbstractApplicationContext.destroyBeans(AbstractApplicationContext.java:1061)
	at org.springframework.context.support.AbstractApplicationContext.doClose(AbstractApplicationContext.java:1030)
	at org.springframework.context.support.AbstractApplicationContext.close(AbstractApplicationContext.java:979)
	at org.springframework.cloud.context.named.NamedContextFactory.destroy(NamedContextFactory.java:92)
	at org.springframework.beans.factory.support.DisposableBeanAdapter.destroy(DisposableBeanAdapter.java:258)
	at org.springframework.beans.factory.support.DefaultSingletonBeanRegistry.destroyBean(DefaultSingletonBeanRegistry.java:587)
	at org.springframework.beans.factory.support.DefaultSingletonBeanRegistry.destroySingleton(DefaultSingletonBeanRegistry.java:559)
	at org.springframework.beans.factory.support.DefaultListableBeanFactory.destroySingleton(DefaultListableBeanFactory.java:1092)
	at org.springframework.beans.factory.support.DefaultSingletonBeanRegistry.destroySingletons(DefaultSingletonBeanRegistry.java:520)
	at org.springframework.beans.factory.support.DefaultListableBeanFactory.destroySingletons(DefaultListableBeanFactory.java:1085)
	at org.springframework.context.support.AbstractApplicationContext.destroyBeans(AbstractApplicationContext.java:1061)
	at org.springframework.context.support.AbstractApplicationContext.doClose(AbstractApplicationContext.java:1030)
	at org.springframework.boot.web.servlet.context.ServletWebServerApplicationContext.doClose(ServletWebServerApplicationContext.java:170)
	at org.springframework.context.support.AbstractApplicationContext$1.run(AbstractApplicationContext.java:949)

2020-10-01 15:37:34.900  INFO 23088 --- [SpringContextShutdownHook] o.s.s.concurrent.ThreadPoolTaskExecutor  : Shutting down ExecutorService 'applicationTaskExecutor'
2020-10-01 15:37:35.034  INFO 23088 --- [SpringContextShutdownHook] com.zaxxer.hikari.HikariDataSource       : HikariPool-1 - Shutdown initiated...
2020-10-01 15:37:35.045  INFO 23088 --- [SpringContextShutdownHook] com.zaxxer.hikari.HikariDataSource       : HikariPool-1 - Shutdown completed.
2020-10-01 15:37:43.546  INFO 24020 --- [main] com.ai.vos.VosWebApplication             : No active profile set, falling back to default profiles: default
2020-10-01 15:37:44.326  INFO 24020 --- [main] .s.d.r.c.RepositoryConfigurationDelegate : Multiple Spring Data modules found, entering strict repository configuration mode!
2020-10-01 15:37:44.329  INFO 24020 --- [main] .s.d.r.c.RepositoryConfigurationDelegate : Bootstrapping Spring Data Redis repositories in DEFAULT mode.
2020-10-01 15:37:44.370  INFO 24020 --- [main] .s.d.r.c.RepositoryConfigurationDelegate : Finished Spring Data repository scanning in 26ms. Found 0 Redis repository interfaces.
2020-10-01 15:37:44.695  INFO 24020 --- [main] o.s.cloud.context.scope.GenericScope     : BeanFactory id=f2349a22-1a8c-3d29-9c51-e312ce48ca38
2020-10-01 15:37:45.166  INFO 24020 --- [main] o.s.b.w.embedded.tomcat.TomcatWebServer  : Tomcat initialized with port(s): 8889 (http)
2020-10-01 15:37:45.179  INFO 24020 --- [main] o.apache.catalina.core.StandardService   : Starting service [Tomcat]
2020-10-01 15:37:45.179  INFO 24020 --- [main] org.apache.catalina.core.StandardEngine  : Starting Servlet engine: [Apache Tomcat/9.0.38]
2020-10-01 15:37:45.299  INFO 24020 --- [main] o.a.c.c.C.[Tomcat].[localhost].[/]       : Initializing Spring embedded WebApplicationContext
2020-10-01 15:37:45.300  INFO 24020 --- [main] w.s.c.ServletWebServerApplicationContext : Root WebApplicationContext: initialization completed in 1733 ms
2020-10-01 15:37:46.069 DEBUG 24020 --- [main] nFilter$$EnhancerBySpringCGLIB$$a1bfa246 : Filter 'jwtAuthenticationFilter' configured for use
2020-10-01 15:37:46.097  INFO 24020 --- [main] mousio.etcd4j.transport.EtcdNettyClient  : Setting up Etcd4j Netty client
2020-10-01 15:37:47.320  INFO 24020 --- [main] pertySourcedRequestMappingHandlerMapping : Mapped URL path [/v2/api-docs] onto method [springfox.documentation.swagger2.web.Swagger2Controller#getDocumentation(String, HttpServletRequest)]
2020-10-01 15:37:47.380  INFO 24020 --- [main] o.s.s.web.DefaultSecurityFilterChain     : Creating filter chain: any request, [org.springframework.security.web.context.request.async.WebAsyncManagerIntegrationFilter@436d2bb9, org.springframework.security.web.context.SecurityContextPersistenceFilter@5a464be7, org.springframework.security.web.header.HeaderWriterFilter@6c167296, org.springframework.web.filter.CorsFilter@4144d4a, com.ai.vos.config.JwtAuthenticationFilter$$EnhancerBySpringCGLIB$$a1bfa246@128a188a, org.springframework.security.web.savedrequest.RequestCacheAwareFilter@170f0fd6, org.springframework.security.web.servletapi.SecurityContextHolderAwareRequestFilter@577f81a0, org.springframework.security.web.authentication.AnonymousAuthenticationFilter@20276412, org.springframework.security.web.session.SessionManagementFilter@506e382b, org.springframework.security.web.access.ExceptionTranslationFilter@3d9cba2, org.springframework.security.web.access.intercept.FilterSecurityInterceptor@2dc319cf]
2020-10-01 15:37:47.420  WARN 24020 --- [main] o.s.c.n.a.ArchaiusAutoConfiguration      : No spring.application.name found, defaulting to 'application'
2020-10-01 15:37:47.428  WARN 24020 --- [main] c.n.c.sources.URLConfigurationSource     : No URLs will be polled as dynamic configuration sources.
2020-10-01 15:37:47.429  INFO 24020 --- [main] c.n.c.sources.URLConfigurationSource     : To enable URLs as dynamic configuration sources, define System property archaius.configurationSource.additionalUrls or make config.properties available on classpath.
2020-10-01 15:37:47.439  WARN 24020 --- [main] c.n.c.sources.URLConfigurationSource     : No URLs will be polled as dynamic configuration sources.
2020-10-01 15:37:47.439  INFO 24020 --- [main] c.n.c.sources.URLConfigurationSource     : To enable URLs as dynamic configuration sources, define System property archaius.configurationSource.additionalUrls or make config.properties available on classpath.
2020-10-01 15:37:47.508  INFO 24020 --- [main] o.s.s.concurrent.ThreadPoolTaskExecutor  : Initializing ExecutorService 'applicationTaskExecutor'
2020-10-01 15:37:47.823  INFO 24020 --- [main] t.m.m.autoconfigure.MapperCacheDisabler  : Clear tk.mybatis.mapper.util.MsUtil CLASS_CACHE cache.
2020-10-01 15:37:47.824  INFO 24020 --- [main] t.m.m.autoconfigure.MapperCacheDisabler  : Clear tk.mybatis.mapper.genid.GenIdUtil CACHE cache.
2020-10-01 15:37:47.824  INFO 24020 --- [main] t.m.m.autoconfigure.MapperCacheDisabler  : Clear tk.mybatis.mapper.version.VersionUtil CACHE cache.
2020-10-01 15:37:47.825  INFO 24020 --- [main] t.m.m.autoconfigure.MapperCacheDisabler  : Clear EntityHelper entityTableMap cache.
2020-10-01 15:37:47.873  INFO 24020 --- [main] o.s.b.w.embedded.tomcat.TomcatWebServer  : Tomcat started on port(s): 8889 (http) with context path ''
2020-10-01 15:37:47.894  INFO 24020 --- [main] d.s.w.p.DocumentationPluginsBootstrapper : Context refreshed
2020-10-01 15:37:47.918  INFO 24020 --- [main] d.s.w.p.DocumentationPluginsBootstrapper : Found 1 custom documentation plugin(s)
2020-10-01 15:37:47.951  INFO 24020 --- [main] s.d.s.w.s.ApiListingReferenceScanner     : Scanning for api listing references
2020-10-01 15:37:48.185  INFO 24020 --- [main] com.ai.vos.VosWebApplication             : Started VosWebApplication in 5.888 seconds (JVM running for 6.52)
2020-10-01 15:38:10.307  INFO 24020 --- [http-nio-8889-exec-1] o.a.c.c.C.[Tomcat].[localhost].[/]       : Initializing Spring DispatcherServlet 'dispatcherServlet'
2020-10-01 15:38:10.308  INFO 24020 --- [http-nio-8889-exec-1] o.s.web.servlet.DispatcherServlet        : Initializing Servlet 'dispatcherServlet'
2020-10-01 15:38:10.315  INFO 24020 --- [http-nio-8889-exec-1] o.s.web.servlet.DispatcherServlet        : Completed initialization in 7 ms
2020-10-01 15:49:20.723  INFO 24020 --- [SpringContextShutdownHook] o.s.s.concurrent.ThreadPoolTaskExecutor  : Shutting down ExecutorService 'applicationTaskExecutor'
2020-10-01 15:49:32.056  INFO 24329 --- [main] com.ai.vos.VosWebApplication             : No active profile set, falling back to default profiles: default
2020-10-01 15:49:32.859  INFO 24329 --- [main] .s.d.r.c.RepositoryConfigurationDelegate : Multiple Spring Data modules found, entering strict repository configuration mode!
2020-10-01 15:49:32.863  INFO 24329 --- [main] .s.d.r.c.RepositoryConfigurationDelegate : Bootstrapping Spring Data Redis repositories in DEFAULT mode.
2020-10-01 15:49:32.905  INFO 24329 --- [main] .s.d.r.c.RepositoryConfigurationDelegate : Finished Spring Data repository scanning in 27ms. Found 0 Redis repository interfaces.
2020-10-01 15:49:33.217  INFO 24329 --- [main] o.s.cloud.context.scope.GenericScope     : BeanFactory id=f2349a22-1a8c-3d29-9c51-e312ce48ca38
2020-10-01 15:49:33.748  INFO 24329 --- [main] o.s.b.w.embedded.tomcat.TomcatWebServer  : Tomcat initialized with port(s): 8889 (http)
2020-10-01 15:49:33.761  INFO 24329 --- [main] o.apache.catalina.core.StandardService   : Starting service [Tomcat]
2020-10-01 15:49:33.761  INFO 24329 --- [main] org.apache.catalina.core.StandardEngine  : Starting Servlet engine: [Apache Tomcat/9.0.38]
2020-10-01 15:49:33.908  INFO 24329 --- [main] o.a.c.c.C.[Tomcat].[localhost].[/]       : Initializing Spring embedded WebApplicationContext
2020-10-01 15:49:33.909  INFO 24329 --- [main] w.s.c.ServletWebServerApplicationContext : Root WebApplicationContext: initialization completed in 1831 ms
2020-10-01 15:49:34.655 DEBUG 24329 --- [main] nFilter$$EnhancerBySpringCGLIB$$1ab54b44 : Filter 'jwtAuthenticationFilter' configured for use
2020-10-01 15:49:34.680  INFO 24329 --- [main] mousio.etcd4j.transport.EtcdNettyClient  : Setting up Etcd4j Netty client
2020-10-01 15:49:35.837  INFO 24329 --- [main] pertySourcedRequestMappingHandlerMapping : Mapped URL path [/v2/api-docs] onto method [springfox.documentation.swagger2.web.Swagger2Controller#getDocumentation(String, HttpServletRequest)]
2020-10-01 15:49:35.875  INFO 24329 --- [main] o.s.s.web.DefaultSecurityFilterChain     : Creating filter chain: any request, [org.springframework.security.web.context.request.async.WebAsyncManagerIntegrationFilter@436d2bb9, org.springframework.security.web.context.SecurityContextPersistenceFilter@48d24d63, org.springframework.security.web.header.HeaderWriterFilter@5a464be7, org.springframework.web.filter.CorsFilter@4144d4a, com.ai.vos.config.JwtAuthenticationFilter$$EnhancerBySpringCGLIB$$1ab54b44@400008bf, org.springframework.security.web.savedrequest.RequestCacheAwareFilter@695c8b32, org.springframework.security.web.servletapi.SecurityContextHolderAwareRequestFilter@1256925b, org.springframework.security.web.authentication.AnonymousAuthenticationFilter@20276412, org.springframework.security.web.session.SessionManagementFilter@170f0fd6, org.springframework.security.web.access.ExceptionTranslationFilter@506e382b, org.springframework.security.web.access.intercept.FilterSecurityInterceptor@2dc319cf]
2020-10-01 15:49:35.912  WARN 24329 --- [main] o.s.c.n.a.ArchaiusAutoConfiguration      : No spring.application.name found, defaulting to 'application'
2020-10-01 15:49:35.918  WARN 24329 --- [main] c.n.c.sources.URLConfigurationSource     : No URLs will be polled as dynamic configuration sources.
2020-10-01 15:49:35.919  INFO 24329 --- [main] c.n.c.sources.URLConfigurationSource     : To enable URLs as dynamic configuration sources, define System property archaius.configurationSource.additionalUrls or make config.properties available on classpath.
2020-10-01 15:49:35.930  WARN 24329 --- [main] c.n.c.sources.URLConfigurationSource     : No URLs will be polled as dynamic configuration sources.
2020-10-01 15:49:35.931  INFO 24329 --- [main] c.n.c.sources.URLConfigurationSource     : To enable URLs as dynamic configuration sources, define System property archaius.configurationSource.additionalUrls or make config.properties available on classpath.
2020-10-01 15:49:36.029  INFO 24329 --- [main] o.s.s.concurrent.ThreadPoolTaskExecutor  : Initializing ExecutorService 'applicationTaskExecutor'
2020-10-01 15:49:36.411  INFO 24329 --- [main] t.m.m.autoconfigure.MapperCacheDisabler  : Clear tk.mybatis.mapper.util.MsUtil CLASS_CACHE cache.
2020-10-01 15:49:36.412  INFO 24329 --- [main] t.m.m.autoconfigure.MapperCacheDisabler  : Clear tk.mybatis.mapper.genid.GenIdUtil CACHE cache.
2020-10-01 15:49:36.413  INFO 24329 --- [main] t.m.m.autoconfigure.MapperCacheDisabler  : Clear tk.mybatis.mapper.version.VersionUtil CACHE cache.
2020-10-01 15:49:36.413  INFO 24329 --- [main] t.m.m.autoconfigure.MapperCacheDisabler  : Clear EntityHelper entityTableMap cache.
2020-10-01 15:49:36.488  INFO 24329 --- [main] o.s.b.w.embedded.tomcat.TomcatWebServer  : Tomcat started on port(s): 8889 (http) with context path ''
2020-10-01 15:49:36.508  INFO 24329 --- [main] d.s.w.p.DocumentationPluginsBootstrapper : Context refreshed
2020-10-01 15:49:36.549  INFO 24329 --- [main] d.s.w.p.DocumentationPluginsBootstrapper : Found 1 custom documentation plugin(s)
2020-10-01 15:49:36.583  INFO 24329 --- [main] s.d.s.w.s.ApiListingReferenceScanner     : Scanning for api listing references
2020-10-01 15:49:36.799  INFO 24329 --- [main] com.ai.vos.VosWebApplication             : Started VosWebApplication in 5.956 seconds (JVM running for 6.659)
2020-10-01 15:50:00.193  INFO 24329 --- [http-nio-8889-exec-1] o.a.c.c.C.[Tomcat].[localhost].[/]       : Initializing Spring DispatcherServlet 'dispatcherServlet'
2020-10-01 15:50:00.194  INFO 24329 --- [http-nio-8889-exec-1] o.s.web.servlet.DispatcherServlet        : Initializing Servlet 'dispatcherServlet'
2020-10-01 15:50:00.202  INFO 24329 --- [http-nio-8889-exec-1] o.s.web.servlet.DispatcherServlet        : Completed initialization in 8 ms
2020-10-01 15:52:57.621  INFO 24329 --- [SpringContextShutdownHook] o.s.s.concurrent.ThreadPoolTaskExecutor  : Shutting down ExecutorService 'applicationTaskExecutor'
2020-10-01 15:53:06.460  INFO 24437 --- [main] com.ai.vos.VosWebApplication             : No active profile set, falling back to default profiles: default
2020-10-01 15:53:07.259  INFO 24437 --- [main] .s.d.r.c.RepositoryConfigurationDelegate : Multiple Spring Data modules found, entering strict repository configuration mode!
2020-10-01 15:53:07.262  INFO 24437 --- [main] .s.d.r.c.RepositoryConfigurationDelegate : Bootstrapping Spring Data Redis repositories in DEFAULT mode.
2020-10-01 15:53:07.305  INFO 24437 --- [main] .s.d.r.c.RepositoryConfigurationDelegate : Finished Spring Data repository scanning in 27ms. Found 0 Redis repository interfaces.
2020-10-01 15:53:07.629  INFO 24437 --- [main] o.s.cloud.context.scope.GenericScope     : BeanFactory id=f2349a22-1a8c-3d29-9c51-e312ce48ca38
2020-10-01 15:53:08.090  INFO 24437 --- [main] o.s.b.w.embedded.tomcat.TomcatWebServer  : Tomcat initialized with port(s): 8889 (http)
2020-10-01 15:53:08.103  INFO 24437 --- [main] o.apache.catalina.core.StandardService   : Starting service [Tomcat]
2020-10-01 15:53:08.104  INFO 24437 --- [main] org.apache.catalina.core.StandardEngine  : Starting Servlet engine: [Apache Tomcat/9.0.38]
2020-10-01 15:53:08.222  INFO 24437 --- [main] o.a.c.c.C.[Tomcat].[localhost].[/]       : Initializing Spring embedded WebApplicationContext
2020-10-01 15:53:08.223  INFO 24437 --- [main] w.s.c.ServletWebServerApplicationContext : Root WebApplicationContext: initialization completed in 1742 ms
2020-10-01 15:53:08.999 DEBUG 24437 --- [main] nFilter$$EnhancerBySpringCGLIB$$a1bfa246 : Filter 'jwtAuthenticationFilter' configured for use
2020-10-01 15:53:09.030  INFO 24437 --- [main] mousio.etcd4j.transport.EtcdNettyClient  : Setting up Etcd4j Netty client
2020-10-01 15:53:10.195  INFO 24437 --- [main] pertySourcedRequestMappingHandlerMapping : Mapped URL path [/v2/api-docs] onto method [springfox.documentation.swagger2.web.Swagger2Controller#getDocumentation(String, HttpServletRequest)]
2020-10-01 15:53:10.370  INFO 24437 --- [main] o.s.s.web.DefaultSecurityFilterChain     : Creating filter chain: any request, [org.springframework.security.web.context.request.async.WebAsyncManagerIntegrationFilter@1dae9e61, org.springframework.security.web.context.SecurityContextPersistenceFilter@56226064, org.springframework.security.web.header.HeaderWriterFilter@22e1a1dc, org.springframework.web.filter.CorsFilter@37b44e8e, com.ai.vos.config.JwtAuthenticationFilter$$EnhancerBySpringCGLIB$$a1bfa246@400008bf, org.springframework.security.web.savedrequest.RequestCacheAwareFilter@1d9bd4d6, org.springframework.security.web.servletapi.SecurityContextHolderAwareRequestFilter@239bc43f, org.springframework.security.web.authentication.AnonymousAuthenticationFilter@11ec2b2f, org.springframework.security.web.session.SessionManagementFilter@638341b0, org.springframework.security.web.access.ExceptionTranslationFilter@6c537267, org.springframework.security.web.access.intercept.FilterSecurityInterceptor@fef2768]
2020-10-01 15:53:10.410  WARN 24437 --- [main] o.s.c.n.a.ArchaiusAutoConfiguration      : No spring.application.name found, defaulting to 'application'
2020-10-01 15:53:10.416  WARN 24437 --- [main] c.n.c.sources.URLConfigurationSource     : No URLs will be polled as dynamic configuration sources.
2020-10-01 15:53:10.417  INFO 24437 --- [main] c.n.c.sources.URLConfigurationSource     : To enable URLs as dynamic configuration sources, define System property archaius.configurationSource.additionalUrls or make config.properties available on classpath.
2020-10-01 15:53:10.428  WARN 24437 --- [main] c.n.c.sources.URLConfigurationSource     : No URLs will be polled as dynamic configuration sources.
2020-10-01 15:53:10.429  INFO 24437 --- [main] c.n.c.sources.URLConfigurationSource     : To enable URLs as dynamic configuration sources, define System property archaius.configurationSource.additionalUrls or make config.properties available on classpath.
2020-10-01 15:53:10.544  INFO 24437 --- [main] o.s.s.concurrent.ThreadPoolTaskExecutor  : Initializing ExecutorService 'applicationTaskExecutor'
2020-10-01 15:53:10.914  INFO 24437 --- [main] t.m.m.autoconfigure.MapperCacheDisabler  : Clear tk.mybatis.mapper.util.MsUtil CLASS_CACHE cache.
2020-10-01 15:53:10.915  INFO 24437 --- [main] t.m.m.autoconfigure.MapperCacheDisabler  : Clear tk.mybatis.mapper.genid.GenIdUtil CACHE cache.
2020-10-01 15:53:10.915  INFO 24437 --- [main] t.m.m.autoconfigure.MapperCacheDisabler  : Clear tk.mybatis.mapper.version.VersionUtil CACHE cache.
2020-10-01 15:53:10.916  INFO 24437 --- [main] t.m.m.autoconfigure.MapperCacheDisabler  : Clear EntityHelper entityTableMap cache.
2020-10-01 15:53:10.966  INFO 24437 --- [main] o.s.b.w.embedded.tomcat.TomcatWebServer  : Tomcat started on port(s): 8889 (http) with context path ''
2020-10-01 15:53:10.987  INFO 24437 --- [main] d.s.w.p.DocumentationPluginsBootstrapper : Context refreshed
2020-10-01 15:53:11.013  INFO 24437 --- [main] d.s.w.p.DocumentationPluginsBootstrapper : Found 1 custom documentation plugin(s)
2020-10-01 15:53:11.047  INFO 24437 --- [main] s.d.s.w.s.ApiListingReferenceScanner     : Scanning for api listing references
2020-10-01 15:53:11.279  INFO 24437 --- [main] com.ai.vos.VosWebApplication             : Started VosWebApplication in 6.028 seconds (JVM running for 6.85)
2020-10-01 15:53:17.780  INFO 24437 --- [http-nio-8889-exec-1] o.a.c.c.C.[Tomcat].[localhost].[/]       : Initializing Spring DispatcherServlet 'dispatcherServlet'
2020-10-01 15:53:17.781  INFO 24437 --- [http-nio-8889-exec-1] o.s.web.servlet.DispatcherServlet        : Initializing Servlet 'dispatcherServlet'
2020-10-01 15:53:17.790  INFO 24437 --- [http-nio-8889-exec-1] o.s.web.servlet.DispatcherServlet        : Completed initialization in 9 ms
2020-10-01 15:54:12.122  INFO 24437 --- [SpringContextShutdownHook] o.s.s.concurrent.ThreadPoolTaskExecutor  : Shutting down ExecutorService 'applicationTaskExecutor'
2020-10-01 15:54:26.329  INFO 24470 --- [main] com.ai.vos.VosWebApplication             : No active profile set, falling back to default profiles: default
2020-10-01 15:54:27.152  INFO 24470 --- [main] .s.d.r.c.RepositoryConfigurationDelegate : Multiple Spring Data modules found, entering strict repository configuration mode!
2020-10-01 15:54:27.155  INFO 24470 --- [main] .s.d.r.c.RepositoryConfigurationDelegate : Bootstrapping Spring Data Redis repositories in DEFAULT mode.
2020-10-01 15:54:27.200  INFO 24470 --- [main] .s.d.r.c.RepositoryConfigurationDelegate : Finished Spring Data repository scanning in 29ms. Found 0 Redis repository interfaces.
2020-10-01 15:54:27.529  INFO 24470 --- [main] o.s.cloud.context.scope.GenericScope     : BeanFactory id=32b3b0f8-3bae-3500-8cee-bcc0f41903a9
2020-10-01 15:54:27.983  INFO 24470 --- [main] o.s.b.w.embedded.tomcat.TomcatWebServer  : Tomcat initialized with port(s): 8889 (http)
2020-10-01 15:54:27.995  INFO 24470 --- [main] o.apache.catalina.core.StandardService   : Starting service [Tomcat]
2020-10-01 15:54:27.995  INFO 24470 --- [main] org.apache.catalina.core.StandardEngine  : Starting Servlet engine: [Apache Tomcat/9.0.38]
2020-10-01 15:54:28.118  INFO 24470 --- [main] o.a.c.c.C.[Tomcat].[localhost].[/]       : Initializing Spring embedded WebApplicationContext
2020-10-01 15:54:28.118  INFO 24470 --- [main] w.s.c.ServletWebServerApplicationContext : Root WebApplicationContext: initialization completed in 1765 ms
2020-10-01 15:54:28.856 DEBUG 24470 --- [main] nFilter$$EnhancerBySpringCGLIB$$383bc1df : Filter 'jwtAuthenticationFilter' configured for use
2020-10-01 15:54:28.884  INFO 24470 --- [main] mousio.etcd4j.transport.EtcdNettyClient  : Setting up Etcd4j Netty client
2020-10-01 15:54:30.065  INFO 24470 --- [main] pertySourcedRequestMappingHandlerMapping : Mapped URL path [/v2/api-docs] onto method [springfox.documentation.swagger2.web.Swagger2Controller#getDocumentation(String, HttpServletRequest)]
2020-10-01 15:54:30.236  INFO 24470 --- [main] o.s.s.web.DefaultSecurityFilterChain     : Creating filter chain: any request, [org.springframework.security.web.context.request.async.WebAsyncManagerIntegrationFilter@5f1db390, org.springframework.security.web.context.SecurityContextPersistenceFilter@38e052b2, org.springframework.security.web.header.HeaderWriterFilter@7c4a5ef2, org.springframework.web.filter.CorsFilter@78c5ef58, com.ai.vos.config.JwtAuthenticationFilter$$EnhancerBySpringCGLIB$$383bc1df@4adcc981, org.springframework.security.web.savedrequest.RequestCacheAwareFilter@515fff35, org.springframework.security.web.servletapi.SecurityContextHolderAwareRequestFilter@2fc40856, org.springframework.security.web.authentication.AnonymousAuthenticationFilter@1fce6eb4, org.springframework.security.web.session.SessionManagementFilter@34d3409d, org.springframework.security.web.access.ExceptionTranslationFilter@7d7c05fa, org.springframework.security.web.access.intercept.FilterSecurityInterceptor@1f7b8d59]
2020-10-01 15:54:30.263  WARN 24470 --- [main] o.s.c.n.a.ArchaiusAutoConfiguration      : No spring.application.name found, defaulting to 'application'
2020-10-01 15:54:30.268  WARN 24470 --- [main] c.n.c.sources.URLConfigurationSource     : No URLs will be polled as dynamic configuration sources.
2020-10-01 15:54:30.269  INFO 24470 --- [main] c.n.c.sources.URLConfigurationSource     : To enable URLs as dynamic configuration sources, define System property archaius.configurationSource.additionalUrls or make config.properties available on classpath.
2020-10-01 15:54:30.280  WARN 24470 --- [main] c.n.c.sources.URLConfigurationSource     : No URLs will be polled as dynamic configuration sources.
2020-10-01 15:54:30.281  INFO 24470 --- [main] c.n.c.sources.URLConfigurationSource     : To enable URLs as dynamic configuration sources, define System property archaius.configurationSource.additionalUrls or make config.properties available on classpath.
2020-10-01 15:54:30.381  INFO 24470 --- [main] o.s.s.concurrent.ThreadPoolTaskExecutor  : Initializing ExecutorService 'applicationTaskExecutor'
2020-10-01 15:54:30.702  INFO 24470 --- [main] t.m.m.autoconfigure.MapperCacheDisabler  : Clear tk.mybatis.mapper.util.MsUtil CLASS_CACHE cache.
2020-10-01 15:54:30.704  INFO 24470 --- [main] t.m.m.autoconfigure.MapperCacheDisabler  : Clear tk.mybatis.mapper.genid.GenIdUtil CACHE cache.
2020-10-01 15:54:30.704  INFO 24470 --- [main] t.m.m.autoconfigure.MapperCacheDisabler  : Clear tk.mybatis.mapper.version.VersionUtil CACHE cache.
2020-10-01 15:54:30.705  INFO 24470 --- [main] t.m.m.autoconfigure.MapperCacheDisabler  : Clear EntityHelper entityTableMap cache.
2020-10-01 15:54:30.753  INFO 24470 --- [main] o.s.b.w.embedded.tomcat.TomcatWebServer  : Tomcat started on port(s): 8889 (http) with context path ''
2020-10-01 15:54:30.772  INFO 24470 --- [main] d.s.w.p.DocumentationPluginsBootstrapper : Context refreshed
2020-10-01 15:54:30.799  INFO 24470 --- [main] d.s.w.p.DocumentationPluginsBootstrapper : Found 1 custom documentation plugin(s)
2020-10-01 15:54:30.832  INFO 24470 --- [main] s.d.s.w.s.ApiListingReferenceScanner     : Scanning for api listing references
2020-10-01 15:54:31.053  INFO 24470 --- [main] com.ai.vos.VosWebApplication             : Started VosWebApplication in 6.058 seconds (JVM running for 6.788)
2020-10-01 16:15:42.690  INFO 24470 --- [SpringContextShutdownHook] o.s.s.concurrent.ThreadPoolTaskExecutor  : Shutting down ExecutorService 'applicationTaskExecutor'
2020-10-01 17:46:38.093  INFO 27497 --- [main] com.ai.vos.VosWebApplication             : No active profile set, falling back to default profiles: default
2020-10-01 17:46:38.825  INFO 27497 --- [main] .s.d.r.c.RepositoryConfigurationDelegate : Multiple Spring Data modules found, entering strict repository configuration mode!
2020-10-01 17:46:38.828  INFO 27497 --- [main] .s.d.r.c.RepositoryConfigurationDelegate : Bootstrapping Spring Data Redis repositories in DEFAULT mode.
2020-10-01 17:46:38.864  INFO 27497 --- [main] .s.d.r.c.RepositoryConfigurationDelegate : Finished Spring Data repository scanning in 23ms. Found 0 Redis repository interfaces.
2020-10-01 17:46:39.156  INFO 27497 --- [main] o.s.cloud.context.scope.GenericScope     : BeanFactory id=dd253bf3-4d1f-31a4-88fc-b73b18ec4b3d
2020-10-01 17:46:39.571  INFO 27497 --- [main] o.s.b.w.embedded.tomcat.TomcatWebServer  : Tomcat initialized with port(s): 8889 (http)
2020-10-01 17:46:39.581  INFO 27497 --- [main] o.apache.catalina.core.StandardService   : Starting service [Tomcat]
2020-10-01 17:46:39.582  INFO 27497 --- [main] org.apache.catalina.core.StandardEngine  : Starting Servlet engine: [Apache Tomcat/9.0.38]
2020-10-01 17:46:39.675  INFO 27497 --- [main] o.a.c.c.C.[Tomcat].[localhost].[/]       : Initializing Spring embedded WebApplicationContext
2020-10-01 17:46:39.676  INFO 27497 --- [main] w.s.c.ServletWebServerApplicationContext : Root WebApplicationContext: initialization completed in 1565 ms
2020-10-01 17:46:40.307 DEBUG 27497 --- [main] nFilter$$EnhancerBySpringCGLIB$$13940929 : Filter 'jwtAuthenticationFilter' configured for use
2020-10-01 17:46:40.330  INFO 27497 --- [main] mousio.etcd4j.transport.EtcdNettyClient  : Setting up Etcd4j Netty client
2020-10-01 17:46:41.283  INFO 27497 --- [main] pertySourcedRequestMappingHandlerMapping : Mapped URL path [/v2/api-docs] onto method [springfox.documentation.swagger2.web.Swagger2Controller#getDocumentation(String, HttpServletRequest)]
2020-10-01 17:46:41.394  INFO 27497 --- [main] o.s.s.web.DefaultSecurityFilterChain     : Creating filter chain: any request, [org.springframework.security.web.context.request.async.WebAsyncManagerIntegrationFilter@7611e295, org.springframework.security.web.context.SecurityContextPersistenceFilter@74d776fb, org.springframework.security.web.header.HeaderWriterFilter@1d9bd4d6, org.springframework.web.filter.CorsFilter@6d40a2b, com.ai.vos.config.JwtAuthenticationFilter$$EnhancerBySpringCGLIB$$13940929@59278072, org.springframework.security.web.savedrequest.RequestCacheAwareFilter@122ea8dc, org.springframework.security.web.servletapi.SecurityContextHolderAwareRequestFilter@44aa5585, org.springframework.security.web.authentication.AnonymousAuthenticationFilter@a7fd77f, org.springframework.security.web.session.SessionManagementFilter@377cbdae, org.springframework.security.web.access.ExceptionTranslationFilter@56226064, org.springframework.security.web.access.intercept.FilterSecurityInterceptor@22bca04e]
2020-10-01 17:46:41.416  WARN 27497 --- [main] o.s.c.n.a.ArchaiusAutoConfiguration      : No spring.application.name found, defaulting to 'application'
2020-10-01 17:46:41.419  WARN 27497 --- [main] c.n.c.sources.URLConfigurationSource     : No URLs will be polled as dynamic configuration sources.
2020-10-01 17:46:41.419  INFO 27497 --- [main] c.n.c.sources.URLConfigurationSource     : To enable URLs as dynamic configuration sources, define System property archaius.configurationSource.additionalUrls or make config.properties available on classpath.
2020-10-01 17:46:41.426  WARN 27497 --- [main] c.n.c.sources.URLConfigurationSource     : No URLs will be polled as dynamic configuration sources.
2020-10-01 17:46:41.426  INFO 27497 --- [main] c.n.c.sources.URLConfigurationSource     : To enable URLs as dynamic configuration sources, define System property archaius.configurationSource.additionalUrls or make config.properties available on classpath.
2020-10-01 17:46:41.479  INFO 27497 --- [main] o.s.s.concurrent.ThreadPoolTaskExecutor  : Initializing ExecutorService 'applicationTaskExecutor'
2020-10-01 17:46:41.767  INFO 27497 --- [main] t.m.m.autoconfigure.MapperCacheDisabler  : Clear tk.mybatis.mapper.util.MsUtil CLASS_CACHE cache.
2020-10-01 17:46:41.767  INFO 27497 --- [main] t.m.m.autoconfigure.MapperCacheDisabler  : Clear tk.mybatis.mapper.genid.GenIdUtil CACHE cache.
2020-10-01 17:46:41.768  INFO 27497 --- [main] t.m.m.autoconfigure.MapperCacheDisabler  : Clear tk.mybatis.mapper.version.VersionUtil CACHE cache.
2020-10-01 17:46:41.768  INFO 27497 --- [main] t.m.m.autoconfigure.MapperCacheDisabler  : Clear EntityHelper entityTableMap cache.
2020-10-01 17:46:41.814  INFO 27497 --- [main] o.s.b.w.embedded.tomcat.TomcatWebServer  : Tomcat started on port(s): 8889 (http) with context path ''
2020-10-01 17:46:41.832  INFO 27497 --- [main] d.s.w.p.DocumentationPluginsBootstrapper : Context refreshed
2020-10-01 17:46:41.852  INFO 27497 --- [main] d.s.w.p.DocumentationPluginsBootstrapper : Found 1 custom documentation plugin(s)
2020-10-01 17:46:41.878  INFO 27497 --- [main] s.d.s.w.s.ApiListingReferenceScanner     : Scanning for api listing references
2020-10-01 17:46:42.033  INFO 27497 --- [main] com.ai.vos.VosWebApplication             : Started VosWebApplication in 5.153 seconds (JVM running for 5.871)
2020-10-01 17:46:48.244  INFO 27497 --- [http-nio-8889-exec-1] o.a.c.c.C.[Tomcat].[localhost].[/]       : Initializing Spring DispatcherServlet 'dispatcherServlet'
2020-10-01 17:46:48.245  INFO 27497 --- [http-nio-8889-exec-1] o.s.web.servlet.DispatcherServlet        : Initializing Servlet 'dispatcherServlet'
2020-10-01 17:46:48.254  INFO 27497 --- [http-nio-8889-exec-1] o.s.web.servlet.DispatcherServlet        : Completed initialization in 9 ms
2020-10-01 17:47:13.696  INFO 27497 --- [SpringContextShutdownHook] o.s.s.concurrent.ThreadPoolTaskExecutor  : Shutting down ExecutorService 'applicationTaskExecutor'
2020-10-01 17:47:49.148  INFO 27537 --- [main] com.ai.vos.VosWebApplication             : No active profile set, falling back to default profiles: default
2020-10-01 17:47:49.923  INFO 27537 --- [main] .s.d.r.c.RepositoryConfigurationDelegate : Multiple Spring Data modules found, entering strict repository configuration mode!
2020-10-01 17:47:49.926  INFO 27537 --- [main] .s.d.r.c.RepositoryConfigurationDelegate : Bootstrapping Spring Data Redis repositories in DEFAULT mode.
2020-10-01 17:47:49.968  INFO 27537 --- [main] .s.d.r.c.RepositoryConfigurationDelegate : Finished Spring Data repository scanning in 28ms. Found 0 Redis repository interfaces.
2020-10-01 17:47:50.287  INFO 27537 --- [main] o.s.cloud.context.scope.GenericScope     : BeanFactory id=dd253bf3-4d1f-31a4-88fc-b73b18ec4b3d
2020-10-01 17:47:50.761  INFO 27537 --- [main] o.s.b.w.embedded.tomcat.TomcatWebServer  : Tomcat initialized with port(s): 8889 (http)
2020-10-01 17:47:50.772  INFO 27537 --- [main] o.apache.catalina.core.StandardService   : Starting service [Tomcat]
2020-10-01 17:47:50.772  INFO 27537 --- [main] org.apache.catalina.core.StandardEngine  : Starting Servlet engine: [Apache Tomcat/9.0.38]
2020-10-01 17:47:50.880  INFO 27537 --- [main] o.a.c.c.C.[Tomcat].[localhost].[/]       : Initializing Spring embedded WebApplicationContext
2020-10-01 17:47:50.881  INFO 27537 --- [main] w.s.c.ServletWebServerApplicationContext : Root WebApplicationContext: initialization completed in 1712 ms
2020-10-01 17:47:51.594 DEBUG 27537 --- [main] nFilter$$EnhancerBySpringCGLIB$$1e405d6f : Filter 'jwtAuthenticationFilter' configured for use
2020-10-01 17:47:51.619  INFO 27537 --- [main] mousio.etcd4j.transport.EtcdNettyClient  : Setting up Etcd4j Netty client
2020-10-01 17:47:52.675  INFO 27537 --- [main] pertySourcedRequestMappingHandlerMapping : Mapped URL path [/v2/api-docs] onto method [springfox.documentation.swagger2.web.Swagger2Controller#getDocumentation(String, HttpServletRequest)]
2020-10-01 17:47:52.794  INFO 27537 --- [main] o.s.s.web.DefaultSecurityFilterChain     : Creating filter chain: any request, [org.springframework.security.web.context.request.async.WebAsyncManagerIntegrationFilter@22ba30b0, org.springframework.security.web.context.SecurityContextPersistenceFilter@14b4d90b, org.springframework.security.web.header.HeaderWriterFilter@4f1f2f84, org.springframework.web.filter.CorsFilter@22bca04e, com.ai.vos.config.JwtAuthenticationFilter$$EnhancerBySpringCGLIB$$1e405d6f@23d060c2, org.springframework.security.web.savedrequest.RequestCacheAwareFilter@7962c1d5, org.springframework.security.web.servletapi.SecurityContextHolderAwareRequestFilter@406decb2, org.springframework.security.web.authentication.AnonymousAuthenticationFilter@20608ef4, org.springframework.security.web.session.SessionManagementFilter@19c06762, org.springframework.security.web.access.ExceptionTranslationFilter@5e557671, org.springframework.security.web.access.intercept.FilterSecurityInterceptor@7674f9d4]
2020-10-01 17:47:52.826  WARN 27537 --- [main] o.s.c.n.a.ArchaiusAutoConfiguration      : No spring.application.name found, defaulting to 'application'
2020-10-01 17:47:52.832  WARN 27537 --- [main] c.n.c.sources.URLConfigurationSource     : No URLs will be polled as dynamic configuration sources.
2020-10-01 17:47:52.832  INFO 27537 --- [main] c.n.c.sources.URLConfigurationSource     : To enable URLs as dynamic configuration sources, define System property archaius.configurationSource.additionalUrls or make config.properties available on classpath.
2020-10-01 17:47:52.840  WARN 27537 --- [main] c.n.c.sources.URLConfigurationSource     : No URLs will be polled as dynamic configuration sources.
2020-10-01 17:47:52.840  INFO 27537 --- [main] c.n.c.sources.URLConfigurationSource     : To enable URLs as dynamic configuration sources, define System property archaius.configurationSource.additionalUrls or make config.properties available on classpath.
2020-10-01 17:47:52.924  INFO 27537 --- [main] o.s.s.concurrent.ThreadPoolTaskExecutor  : Initializing ExecutorService 'applicationTaskExecutor'
2020-10-01 17:47:53.244  INFO 27537 --- [main] t.m.m.autoconfigure.MapperCacheDisabler  : Clear tk.mybatis.mapper.util.MsUtil CLASS_CACHE cache.
2020-10-01 17:47:53.245  INFO 27537 --- [main] t.m.m.autoconfigure.MapperCacheDisabler  : Clear tk.mybatis.mapper.genid.GenIdUtil CACHE cache.
2020-10-01 17:47:53.245  INFO 27537 --- [main] t.m.m.autoconfigure.MapperCacheDisabler  : Clear tk.mybatis.mapper.version.VersionUtil CACHE cache.
2020-10-01 17:47:53.245  INFO 27537 --- [main] t.m.m.autoconfigure.MapperCacheDisabler  : Clear EntityHelper entityTableMap cache.
2020-10-01 17:47:53.293  INFO 27537 --- [main] o.s.b.w.embedded.tomcat.TomcatWebServer  : Tomcat started on port(s): 8889 (http) with context path ''
2020-10-01 17:47:53.314  INFO 27537 --- [main] d.s.w.p.DocumentationPluginsBootstrapper : Context refreshed
2020-10-01 17:47:53.339  INFO 27537 --- [main] d.s.w.p.DocumentationPluginsBootstrapper : Found 1 custom documentation plugin(s)
2020-10-01 17:47:53.372  INFO 27537 --- [main] s.d.s.w.s.ApiListingReferenceScanner     : Scanning for api listing references
2020-10-01 17:47:53.590  INFO 27537 --- [main] com.ai.vos.VosWebApplication             : Started VosWebApplication in 5.507 seconds (JVM running for 6.292)
2020-10-01 17:48:14.624  INFO 27537 --- [http-nio-8889-exec-1] o.a.c.c.C.[Tomcat].[localhost].[/]       : Initializing Spring DispatcherServlet 'dispatcherServlet'
2020-10-01 17:48:14.625  INFO 27537 --- [http-nio-8889-exec-1] o.s.web.servlet.DispatcherServlet        : Initializing Servlet 'dispatcherServlet'
2020-10-01 17:48:14.634  INFO 27537 --- [http-nio-8889-exec-1] o.s.web.servlet.DispatcherServlet        : Completed initialization in 9 ms
2020-10-01 17:51:43.911  INFO 27537 --- [http-nio-8889-exec-2] com.zaxxer.hikari.HikariDataSource       : HikariPool-1 - Starting...
2020-10-01 17:51:46.117  INFO 27537 --- [http-nio-8889-exec-2] com.zaxxer.hikari.HikariDataSource       : HikariPool-1 - Start completed.
2020-10-01 17:51:46.209 DEBUG 27537 --- [http-nio-8889-exec-2] c.a.v.p.m.S.selectOneByExample           : ==>  Preparing: SELECT USER_ID,NAME,LOGIN_NAME,ORG_ID,MAIL,PASSWORD,STATUS,PHONE,ADDRESS,EXPIRE_TIME,LAST_MODIFY_PWD_TIME,REMARK,LANGUAGE_CODE,EMP_ID,FIRST_NAME,LAST_NAME,PINCODE_CODE,COUNTY_CODE,PROV_CODE,REGION_CODE,TENANT_ID,IS_ADMIN FROM sys_user WHERE ( ( NAME = ? ) ) 
2020-10-01 17:51:46.512 DEBUG 27537 --- [http-nio-8889-exec-2] c.a.v.p.m.S.selectOneByExample           : ==> Parameters: admin(String)
2020-10-01 17:51:46.780 DEBUG 27537 --- [http-nio-8889-exec-2] c.a.v.p.m.S.selectOneByExample           : <==      Total: 1
2020-10-01 17:53:58.835  WARN 27537 --- [HikariPool-1 housekeeper] com.zaxxer.hikari.pool.HikariPool        : HikariPool-1 - Thread starvation or clock leap detected (housekeeper delta=2m12s616ms).
2020-10-01 17:54:18.988 DEBUG 27537 --- [http-nio-8889-exec-3] c.a.v.p.m.S.selectOneByExample           : ==>  Preparing: SELECT USER_ID,NAME,LOGIN_NAME,ORG_ID,MAIL,PASSWORD,STATUS,PHONE,ADDRESS,EXPIRE_TIME,LAST_MODIFY_PWD_TIME,REMARK,LANGUAGE_CODE,EMP_ID,FIRST_NAME,LAST_NAME,PINCODE_CODE,COUNTY_CODE,PROV_CODE,REGION_CODE,TENANT_ID,IS_ADMIN FROM sys_user WHERE ( ( NAME = ? ) ) 
2020-10-01 17:54:18.990 DEBUG 27537 --- [http-nio-8889-exec-3] c.a.v.p.m.S.selectOneByExample           : ==> Parameters: admin(String)
2020-10-01 17:54:19.010 DEBUG 27537 --- [http-nio-8889-exec-3] c.a.v.p.m.S.selectOneByExample           : <==      Total: 1
2020-10-01 17:54:48.711  WARN 27537 --- [HikariPool-1 housekeeper] com.zaxxer.hikari.pool.HikariPool        : HikariPool-1 - Thread starvation or clock leap detected (housekeeper delta=49s877ms).
2020-10-01 18:20:53.568  WARN 27537 --- [HikariPool-1 housekeeper] com.zaxxer.hikari.pool.HikariPool        : HikariPool-1 - Thread starvation or clock leap detected (housekeeper delta=22m46s387ms).
2020-10-01 20:42:15.804  WARN 27537 --- [HikariPool-1 housekeeper] com.zaxxer.hikari.pool.HikariPool        : HikariPool-1 - Thread starvation or clock leap detected (housekeeper delta=2h21m22s235ms).
2020-10-01 20:46:04.334  WARN 27537 --- [HikariPool-1 housekeeper] com.zaxxer.hikari.pool.HikariPool        : HikariPool-1 - Thread starvation or clock leap detected (housekeeper delta=3m48s531ms).
2020-10-01 20:46:54.034  WARN 27537 --- [HikariPool-1 housekeeper] com.zaxxer.hikari.pool.HikariPool        : HikariPool-1 - Thread starvation or clock leap detected (housekeeper delta=49s700ms).
2020-10-01 20:48:05.984  WARN 27537 --- [HikariPool-1 housekeeper] com.zaxxer.hikari.pool.HikariPool        : HikariPool-1 - Thread starvation or clock leap detected (housekeeper delta=1m11s949ms).
2020-10-01 20:48:40.930 DEBUG 27537 --- [http-nio-8889-exec-4] c.a.v.p.m.S.selectOneByExample           : ==>  Preparing: SELECT USER_ID,NAME,LOGIN_NAME,ORG_ID,MAIL,PASSWORD,STATUS,PHONE,ADDRESS,EXPIRE_TIME,LAST_MODIFY_PWD_TIME,REMARK,LANGUAGE_CODE,EMP_ID,FIRST_NAME,LAST_NAME,PINCODE_CODE,COUNTY_CODE,PROV_CODE,REGION_CODE,TENANT_ID,IS_ADMIN FROM sys_user WHERE ( ( NAME = ? ) ) 
2020-10-01 20:48:40.932 DEBUG 27537 --- [http-nio-8889-exec-4] c.a.v.p.m.S.selectOneByExample           : ==> Parameters: admin(String)
2020-10-01 20:48:40.950 DEBUG 27537 --- [http-nio-8889-exec-4] c.a.v.p.m.S.selectOneByExample           : <==      Total: 1
2020-10-01 20:59:06.225  WARN 27537 --- [HikariPool-1 housekeeper] com.zaxxer.hikari.pool.HikariPool        : HikariPool-1 - Thread starvation or clock leap detected (housekeeper delta=11m242ms).
2020-10-01 21:00:10.826 DEBUG 27537 --- [http-nio-8889-exec-5] c.a.v.p.m.S.selectOneByExample           : ==>  Preparing: SELECT USER_ID,NAME,LOGIN_NAME,ORG_ID,MAIL,PASSWORD,STATUS,PHONE,ADDRESS,EXPIRE_TIME,LAST_MODIFY_PWD_TIME,REMARK,LANGUAGE_CODE,EMP_ID,FIRST_NAME,LAST_NAME,PINCODE_CODE,COUNTY_CODE,PROV_CODE,REGION_CODE,TENANT_ID,IS_ADMIN FROM sys_user WHERE ( ( NAME = ? ) ) 
2020-10-01 21:00:10.826 DEBUG 27537 --- [http-nio-8889-exec-5] c.a.v.p.m.S.selectOneByExample           : ==> Parameters: admin(String)
2020-10-01 21:00:10.829 DEBUG 27537 --- [http-nio-8889-exec-5] c.a.v.p.m.S.selectOneByExample           : <==      Total: 1
2020-10-01 21:00:32.463  INFO 27537 --- [http-nio-8889-exec-5] c.n.u.concurrent.ShutdownEnabledTimer    : Shutdown hook installed for: NFLoadBalancer-PingTimer-registry
2020-10-01 21:00:32.465  INFO 27537 --- [http-nio-8889-exec-5] c.netflix.loadbalancer.BaseLoadBalancer  : Client: registry instantiated a LoadBalancer: DynamicServerListLoadBalancer:{NFLoadBalancer:name=registry,current list of Servers=[],Load balancer stats=Zone stats: {},Server stats: []}ServerList:null
2020-10-01 21:00:32.479  INFO 27537 --- [http-nio-8889-exec-5] c.n.l.DynamicServerListLoadBalancer      : Using serverListUpdater PollingServerListUpdater
2020-10-01 21:00:32.709  INFO 27537 --- [http-nio-8889-exec-5] c.n.l.DynamicServerListLoadBalancer      : DynamicServerListLoadBalancer for client registry initialized: DynamicServerListLoadBalancer:{NFLoadBalancer:name=registry,current list of Servers=[192.168.109.1:60001],Load balancer stats=Zone stats: {unknown=[Zone:unknown;	Instance count:1;	Active connections count: 0;	Circuit breaker tripped count: 0;	Active connections per server: 0.0;]
},Server stats: [[Server:192.168.109.1:60001;	Zone:UNKNOWN;	Total Requests:0;	Successive connection failure:0;	Total blackout seconds:0;	Last connection made:Thu Jan 01 08:00:00 CST 1970;	First connection made: Thu Jan 01 08:00:00 CST 1970;	Active Connections:0;	total failure count in last (1000) msecs:0;	average resp time:0.0;	90 percentile resp time:0.0;	95 percentile resp time:0.0;	min resp time:0.0;	max resp time:0.0;	stddev resp time:0.0]
]}ServerList:com.ai.vos.config.RibbonClientConfig$RegistryRibbonConfig$1@49d877
2020-10-01 21:00:32.800  INFO 27537 --- [http-nio-8889-exec-5] c.a.v.c.image.RegistryController         : info get total 1 registry
2020-10-01 21:10:19.448 DEBUG 27537 --- [http-nio-8889-exec-6] c.a.v.p.m.S.selectOneByExample           : ==>  Preparing: SELECT USER_ID,NAME,LOGIN_NAME,ORG_ID,MAIL,PASSWORD,STATUS,PHONE,ADDRESS,EXPIRE_TIME,LAST_MODIFY_PWD_TIME,REMARK,LANGUAGE_CODE,EMP_ID,FIRST_NAME,LAST_NAME,PINCODE_CODE,COUNTY_CODE,PROV_CODE,REGION_CODE,TENANT_ID,IS_ADMIN FROM sys_user WHERE ( ( NAME = ? ) ) 
2020-10-01 21:10:19.449 DEBUG 27537 --- [http-nio-8889-exec-6] c.a.v.p.m.S.selectOneByExample           : ==> Parameters: admin(String)
2020-10-01 21:10:19.453 DEBUG 27537 --- [http-nio-8889-exec-6] c.a.v.p.m.S.selectOneByExample           : <==      Total: 1
2020-10-01 21:11:21.494  WARN 27537 --- [HikariPool-1 housekeeper] com.zaxxer.hikari.pool.HikariPool        : HikariPool-1 - Thread starvation or clock leap detected (housekeeper delta=1m7s111ms).
2020-10-01 21:12:43.505  WARN 27537 --- [HikariPool-1 housekeeper] com.zaxxer.hikari.pool.HikariPool        : HikariPool-1 - Thread starvation or clock leap detected (housekeeper delta=1m22s11ms).
2020-10-01 21:12:43.519  INFO 27537 --- [http-nio-8889-exec-6] c.a.v.c.image.RegistryController         : info get total 1 registry
2020-10-01 21:12:55.965 DEBUG 27537 --- [http-nio-8889-exec-7] c.a.v.p.m.S.selectOneByExample           : ==>  Preparing: SELECT USER_ID,NAME,LOGIN_NAME,ORG_ID,MAIL,PASSWORD,STATUS,PHONE,ADDRESS,EXPIRE_TIME,LAST_MODIFY_PWD_TIME,REMARK,LANGUAGE_CODE,EMP_ID,FIRST_NAME,LAST_NAME,PINCODE_CODE,COUNTY_CODE,PROV_CODE,REGION_CODE,TENANT_ID,IS_ADMIN FROM sys_user WHERE ( ( NAME = ? ) ) 
2020-10-01 21:12:55.965 DEBUG 27537 --- [http-nio-8889-exec-7] c.a.v.p.m.S.selectOneByExample           : ==> Parameters: admin(String)
2020-10-01 21:12:55.968 DEBUG 27537 --- [http-nio-8889-exec-7] c.a.v.p.m.S.selectOneByExample           : <==      Total: 1
2020-10-01 21:13:05.674  INFO 27537 --- [http-nio-8889-exec-7] c.a.v.c.image.RegistryController         : info get total 1 registry
2020-10-01 21:13:22.220 DEBUG 27537 --- [http-nio-8889-exec-8] c.a.v.p.m.S.selectOneByExample           : ==>  Preparing: SELECT USER_ID,NAME,LOGIN_NAME,ORG_ID,MAIL,PASSWORD,STATUS,PHONE,ADDRESS,EXPIRE_TIME,LAST_MODIFY_PWD_TIME,REMARK,LANGUAGE_CODE,EMP_ID,FIRST_NAME,LAST_NAME,PINCODE_CODE,COUNTY_CODE,PROV_CODE,REGION_CODE,TENANT_ID,IS_ADMIN FROM sys_user WHERE ( ( NAME = ? ) ) 
2020-10-01 21:13:22.220 DEBUG 27537 --- [http-nio-8889-exec-8] c.a.v.p.m.S.selectOneByExample           : ==> Parameters: admin(String)
2020-10-01 21:13:22.222 DEBUG 27537 --- [http-nio-8889-exec-8] c.a.v.p.m.S.selectOneByExample           : <==      Total: 1
2020-10-01 21:16:31.599  WARN 27537 --- [HikariPool-1 housekeeper] com.zaxxer.hikari.pool.HikariPool        : HikariPool-1 - Thread starvation or clock leap detected (housekeeper delta=2m8s320ms).
2020-10-01 21:16:39.902  INFO 27537 --- [http-nio-8889-exec-8] c.a.v.c.image.RegistryController         : info get total 1 registry
2020-10-01 21:18:56.914  WARN 27537 --- [HikariPool-1 housekeeper] com.zaxxer.hikari.pool.HikariPool        : HikariPool-1 - Thread starvation or clock leap detected (housekeeper delta=2m25s315ms).
2020-10-01 22:16:43.325 DEBUG 27537 --- [http-nio-8889-exec-9] c.a.v.p.m.S.selectOneByExample           : ==>  Preparing: SELECT USER_ID,NAME,LOGIN_NAME,ORG_ID,MAIL,PASSWORD,STATUS,PHONE,ADDRESS,EXPIRE_TIME,LAST_MODIFY_PWD_TIME,REMARK,LANGUAGE_CODE,EMP_ID,FIRST_NAME,LAST_NAME,PINCODE_CODE,COUNTY_CODE,PROV_CODE,REGION_CODE,TENANT_ID,IS_ADMIN FROM sys_user WHERE ( ( NAME = ? ) ) 
2020-10-01 22:16:43.326 DEBUG 27537 --- [http-nio-8889-exec-9] c.a.v.p.m.S.selectOneByExample           : ==> Parameters: admin(String)
2020-10-01 22:16:43.329 DEBUG 27537 --- [http-nio-8889-exec-9] c.a.v.p.m.S.selectOneByExample           : <==      Total: 1
2020-10-01 22:17:56.699  WARN 27537 --- [HikariPool-1 housekeeper] com.zaxxer.hikari.pool.HikariPool        : HikariPool-1 - Thread starvation or clock leap detected (housekeeper delta=46s676ms).
2020-10-01 22:21:40.496  WARN 27537 --- [HikariPool-1 housekeeper] com.zaxxer.hikari.pool.HikariPool        : HikariPool-1 - Thread starvation or clock leap detected (housekeeper delta=3m43s797ms).
2020-10-01 22:25:55.271  WARN 27537 --- [HikariPool-1 housekeeper] com.zaxxer.hikari.pool.HikariPool        : HikariPool-1 - Thread starvation or clock leap detected (housekeeper delta=4m14s775ms).
2020-10-01 22:28:28.411  WARN 27537 --- [HikariPool-1 housekeeper] com.zaxxer.hikari.pool.HikariPool        : HikariPool-1 - Thread starvation or clock leap detected (housekeeper delta=2m33s140ms).
2020-10-01 22:32:29.202  WARN 27537 --- [HikariPool-1 housekeeper] com.zaxxer.hikari.pool.HikariPool        : HikariPool-1 - Thread starvation or clock leap detected (housekeeper delta=4m791ms).
2020-10-01 22:32:29.220  INFO 27537 --- [http-nio-8889-exec-9] c.a.v.c.image.RegistryController         : info get total 1 registry
2020-10-01 22:49:40.535  WARN 27537 --- [HikariPool-1 housekeeper] com.zaxxer.hikari.pool.HikariPool        : HikariPool-1 - Thread starvation or clock leap detected (housekeeper delta=17m11s333ms).
2020-10-01 22:49:52.339  INFO 27537 --- [Thread-8] c.n.l.PollingServerListUpdater           : Shutting down the Executor Pool for PollingServerListUpdater
2020-10-01 22:49:52.404  INFO 27537 --- [SpringContextShutdownHook] c.n.u.concurrent.ShutdownEnabledTimer    : Shutdown hook removed for: NFLoadBalancer-PingTimer-registry
2020-10-01 22:49:52.408  INFO 27537 --- [SpringContextShutdownHook] c.n.u.concurrent.ShutdownEnabledTimer    : Exception caught (might be ok if at shutdown)

java.lang.IllegalStateException: Shutdown in progress
	at java.base/java.lang.ApplicationShutdownHooks.remove(ApplicationShutdownHooks.java:82)
	at java.base/java.lang.Runtime.removeShutdownHook(Runtime.java:244)
	at com.netflix.util.concurrent.ShutdownEnabledTimer.cancel(ShutdownEnabledTimer.java:70)
	at com.netflix.loadbalancer.BaseLoadBalancer.cancelPingTask(BaseLoadBalancer.java:632)
	at com.netflix.loadbalancer.BaseLoadBalancer.shutdown(BaseLoadBalancer.java:883)
	at com.netflix.loadbalancer.DynamicServerListLoadBalancer.shutdown(DynamicServerListLoadBalancer.java:285)
	at java.base/jdk.internal.reflect.NativeMethodAccessorImpl.invoke0(Native Method)
	at java.base/jdk.internal.reflect.NativeMethodAccessorImpl.invoke(NativeMethodAccessorImpl.java:62)
	at java.base/jdk.internal.reflect.DelegatingMethodAccessorImpl.invoke(DelegatingMethodAccessorImpl.java:43)
	at java.base/java.lang.reflect.Method.invoke(Method.java:566)
	at org.springframework.beans.factory.support.DisposableBeanAdapter.invokeCustomDestroyMethod(DisposableBeanAdapter.java:339)
	at org.springframework.beans.factory.support.DisposableBeanAdapter.destroy(DisposableBeanAdapter.java:273)
	at org.springframework.beans.factory.support.DefaultSingletonBeanRegistry.destroyBean(DefaultSingletonBeanRegistry.java:587)
	at org.springframework.beans.factory.support.DefaultSingletonBeanRegistry.destroySingleton(DefaultSingletonBeanRegistry.java:559)
	at org.springframework.beans.factory.support.DefaultListableBeanFactory.destroySingleton(DefaultListableBeanFactory.java:1092)
	at org.springframework.beans.factory.support.DefaultSingletonBeanRegistry.destroySingletons(DefaultSingletonBeanRegistry.java:520)
	at org.springframework.beans.factory.support.DefaultListableBeanFactory.destroySingletons(DefaultListableBeanFactory.java:1085)
	at org.springframework.context.support.AbstractApplicationContext.destroyBeans(AbstractApplicationContext.java:1061)
	at org.springframework.context.support.AbstractApplicationContext.doClose(AbstractApplicationContext.java:1030)
	at org.springframework.context.support.AbstractApplicationContext.close(AbstractApplicationContext.java:979)
	at org.springframework.cloud.context.named.NamedContextFactory.destroy(NamedContextFactory.java:92)
	at org.springframework.beans.factory.support.DisposableBeanAdapter.destroy(DisposableBeanAdapter.java:258)
	at org.springframework.beans.factory.support.DefaultSingletonBeanRegistry.destroyBean(DefaultSingletonBeanRegistry.java:587)
	at org.springframework.beans.factory.support.DefaultSingletonBeanRegistry.destroySingleton(DefaultSingletonBeanRegistry.java:559)
	at org.springframework.beans.factory.support.DefaultListableBeanFactory.destroySingleton(DefaultListableBeanFactory.java:1092)
	at org.springframework.beans.factory.support.DefaultSingletonBeanRegistry.destroySingletons(DefaultSingletonBeanRegistry.java:520)
	at org.springframework.beans.factory.support.DefaultListableBeanFactory.destroySingletons(DefaultListableBeanFactory.java:1085)
	at org.springframework.context.support.AbstractApplicationContext.destroyBeans(AbstractApplicationContext.java:1061)
	at org.springframework.context.support.AbstractApplicationContext.doClose(AbstractApplicationContext.java:1030)
	at org.springframework.boot.web.servlet.context.ServletWebServerApplicationContext.doClose(ServletWebServerApplicationContext.java:170)
	at org.springframework.context.support.AbstractApplicationContext$1.run(AbstractApplicationContext.java:949)

2020-10-01 22:49:52.413  INFO 27537 --- [SpringContextShutdownHook] o.s.s.concurrent.ThreadPoolTaskExecutor  : Shutting down ExecutorService 'applicationTaskExecutor'
2020-10-01 22:49:52.546  INFO 27537 --- [SpringContextShutdownHook] com.zaxxer.hikari.HikariDataSource       : HikariPool-1 - Shutdown initiated...
2020-10-01 22:49:52.581  INFO 27537 --- [SpringContextShutdownHook] com.zaxxer.hikari.HikariDataSource       : HikariPool-1 - Shutdown completed.
2020-10-01 22:50:01.177  INFO 32930 --- [main] com.ai.vos.VosWebApplication             : No active profile set, falling back to default profiles: default
2020-10-01 22:50:01.934  INFO 32930 --- [main] .s.d.r.c.RepositoryConfigurationDelegate : Multiple Spring Data modules found, entering strict repository configuration mode!
2020-10-01 22:50:01.937  INFO 32930 --- [main] .s.d.r.c.RepositoryConfigurationDelegate : Bootstrapping Spring Data Redis repositories in DEFAULT mode.
2020-10-01 22:50:01.976  INFO 32930 --- [main] .s.d.r.c.RepositoryConfigurationDelegate : Finished Spring Data repository scanning in 24ms. Found 0 Redis repository interfaces.
2020-10-01 22:50:02.276  INFO 32930 --- [main] o.s.cloud.context.scope.GenericScope     : BeanFactory id=dd253bf3-4d1f-31a4-88fc-b73b18ec4b3d
2020-10-01 22:50:02.835  INFO 32930 --- [main] o.s.b.w.embedded.tomcat.TomcatWebServer  : Tomcat initialized with port(s): 8889 (http)
2020-10-01 22:50:02.852  INFO 32930 --- [main] o.apache.catalina.core.StandardService   : Starting service [Tomcat]
2020-10-01 22:50:02.853  INFO 32930 --- [main] org.apache.catalina.core.StandardEngine  : Starting Servlet engine: [Apache Tomcat/9.0.38]
2020-10-01 22:50:03.013  INFO 32930 --- [main] o.a.c.c.C.[Tomcat].[localhost].[/]       : Initializing Spring embedded WebApplicationContext
2020-10-01 22:50:03.014  INFO 32930 --- [main] w.s.c.ServletWebServerApplicationContext : Root WebApplicationContext: initialization completed in 1814 ms
2020-10-01 22:50:03.795 DEBUG 32930 --- [main] nFilter$$EnhancerBySpringCGLIB$$fe901b75 : Filter 'jwtAuthenticationFilter' configured for use
2020-10-01 22:50:03.819  INFO 32930 --- [main] mousio.etcd4j.transport.EtcdNettyClient  : Setting up Etcd4j Netty client
2020-10-01 22:50:04.901  INFO 32930 --- [main] pertySourcedRequestMappingHandlerMapping : Mapped URL path [/v2/api-docs] onto method [springfox.documentation.swagger2.web.Swagger2Controller#getDocumentation(String, HttpServletRequest)]
2020-10-01 22:50:04.943  INFO 32930 --- [main] o.s.s.web.DefaultSecurityFilterChain     : Creating filter chain: any request, [org.springframework.security.web.context.request.async.WebAsyncManagerIntegrationFilter@20b921be, org.springframework.security.web.context.SecurityContextPersistenceFilter@1bed61d2, org.springframework.security.web.header.HeaderWriterFilter@396ec737, org.springframework.web.filter.CorsFilter@431923ed, com.ai.vos.config.JwtAuthenticationFilter$$EnhancerBySpringCGLIB$$fe901b75@53df7e67, org.springframework.security.web.savedrequest.RequestCacheAwareFilter@8a11a19, org.springframework.security.web.servletapi.SecurityContextHolderAwareRequestFilter@4d682397, org.springframework.security.web.authentication.AnonymousAuthenticationFilter@44723d95, org.springframework.security.web.session.SessionManagementFilter@35d53cd8, org.springframework.security.web.access.ExceptionTranslationFilter@e23af91, org.springframework.security.web.access.intercept.FilterSecurityInterceptor@769f6023]
2020-10-01 22:50:04.971  WARN 32930 --- [main] o.s.c.n.a.ArchaiusAutoConfiguration      : No spring.application.name found, defaulting to 'application'
2020-10-01 22:50:04.974  WARN 32930 --- [main] c.n.c.sources.URLConfigurationSource     : No URLs will be polled as dynamic configuration sources.
2020-10-01 22:50:04.975  INFO 32930 --- [main] c.n.c.sources.URLConfigurationSource     : To enable URLs as dynamic configuration sources, define System property archaius.configurationSource.additionalUrls or make config.properties available on classpath.
2020-10-01 22:50:04.981  WARN 32930 --- [main] c.n.c.sources.URLConfigurationSource     : No URLs will be polled as dynamic configuration sources.
2020-10-01 22:50:04.981  INFO 32930 --- [main] c.n.c.sources.URLConfigurationSource     : To enable URLs as dynamic configuration sources, define System property archaius.configurationSource.additionalUrls or make config.properties available on classpath.
2020-10-01 22:50:05.060  INFO 32930 --- [main] o.s.s.concurrent.ThreadPoolTaskExecutor  : Initializing ExecutorService 'applicationTaskExecutor'
2020-10-01 22:50:05.405  INFO 32930 --- [main] t.m.m.autoconfigure.MapperCacheDisabler  : Clear tk.mybatis.mapper.util.MsUtil CLASS_CACHE cache.
2020-10-01 22:50:05.406  INFO 32930 --- [main] t.m.m.autoconfigure.MapperCacheDisabler  : Clear tk.mybatis.mapper.genid.GenIdUtil CACHE cache.
2020-10-01 22:50:05.407  INFO 32930 --- [main] t.m.m.autoconfigure.MapperCacheDisabler  : Clear tk.mybatis.mapper.version.VersionUtil CACHE cache.
2020-10-01 22:50:05.407  INFO 32930 --- [main] t.m.m.autoconfigure.MapperCacheDisabler  : Clear EntityHelper entityTableMap cache.
2020-10-01 22:50:05.454  INFO 32930 --- [main] o.s.b.w.embedded.tomcat.TomcatWebServer  : Tomcat started on port(s): 8889 (http) with context path ''
2020-10-01 22:50:05.476  INFO 32930 --- [main] d.s.w.p.DocumentationPluginsBootstrapper : Context refreshed
2020-10-01 22:50:05.499  INFO 32930 --- [main] d.s.w.p.DocumentationPluginsBootstrapper : Found 1 custom documentation plugin(s)
2020-10-01 22:50:05.528  INFO 32930 --- [main] s.d.s.w.s.ApiListingReferenceScanner     : Scanning for api listing references
2020-10-01 22:50:05.760  INFO 32930 --- [main] com.ai.vos.VosWebApplication             : Started VosWebApplication in 5.698 seconds (JVM running for 6.409)
2020-10-01 22:50:09.919  INFO 32930 --- [http-nio-8889-exec-1] o.a.c.c.C.[Tomcat].[localhost].[/]       : Initializing Spring DispatcherServlet 'dispatcherServlet'
2020-10-01 22:50:09.920  INFO 32930 --- [http-nio-8889-exec-1] o.s.web.servlet.DispatcherServlet        : Initializing Servlet 'dispatcherServlet'
2020-10-01 22:50:09.929  INFO 32930 --- [http-nio-8889-exec-1] o.s.web.servlet.DispatcherServlet        : Completed initialization in 9 ms
2020-10-01 22:50:10.734  INFO 32930 --- [http-nio-8889-exec-1] com.zaxxer.hikari.HikariDataSource       : HikariPool-1 - Starting...
2020-10-01 22:50:11.144  INFO 32930 --- [http-nio-8889-exec-1] com.zaxxer.hikari.HikariDataSource       : HikariPool-1 - Start completed.
2020-10-01 22:50:11.156 DEBUG 32930 --- [http-nio-8889-exec-1] c.a.v.p.m.S.selectOneByExample           : ==>  Preparing: SELECT USER_ID,NAME,LOGIN_NAME,ORG_ID,MAIL,PASSWORD,STATUS,PHONE,ADDRESS,EXPIRE_TIME,LAST_MODIFY_PWD_TIME,REMARK,LANGUAGE_CODE,EMP_ID,FIRST_NAME,LAST_NAME,PINCODE_CODE,COUNTY_CODE,PROV_CODE,REGION_CODE,TENANT_ID,IS_ADMIN FROM sys_user WHERE ( ( NAME = ? ) ) 
2020-10-01 22:50:11.201 DEBUG 32930 --- [http-nio-8889-exec-1] c.a.v.p.m.S.selectOneByExample           : ==> Parameters: admin(String)
2020-10-01 22:50:11.240 DEBUG 32930 --- [http-nio-8889-exec-1] c.a.v.p.m.S.selectOneByExample           : <==      Total: 1
2020-10-01 22:50:48.562  INFO 32930 --- [http-nio-8889-exec-1] c.n.u.concurrent.ShutdownEnabledTimer    : Shutdown hook installed for: NFLoadBalancer-PingTimer-registry
2020-10-01 22:50:48.562  INFO 32930 --- [http-nio-8889-exec-1] c.netflix.loadbalancer.BaseLoadBalancer  : Client: registry instantiated a LoadBalancer: DynamicServerListLoadBalancer:{NFLoadBalancer:name=registry,current list of Servers=[],Load balancer stats=Zone stats: {},Server stats: []}ServerList:null
2020-10-01 22:50:48.569  INFO 32930 --- [http-nio-8889-exec-1] c.n.l.DynamicServerListLoadBalancer      : Using serverListUpdater PollingServerListUpdater
2020-10-01 22:50:48.774  INFO 32930 --- [http-nio-8889-exec-1] c.n.l.DynamicServerListLoadBalancer      : DynamicServerListLoadBalancer for client registry initialized: DynamicServerListLoadBalancer:{NFLoadBalancer:name=registry,current list of Servers=[192.168.109.1:60001],Load balancer stats=Zone stats: {unknown=[Zone:unknown;	Instance count:1;	Active connections count: 0;	Circuit breaker tripped count: 0;	Active connections per server: 0.0;]
},Server stats: [[Server:192.168.109.1:60001;	Zone:UNKNOWN;	Total Requests:0;	Successive connection failure:0;	Total blackout seconds:0;	Last connection made:Thu Jan 01 08:00:00 CST 1970;	First connection made: Thu Jan 01 08:00:00 CST 1970;	Active Connections:0;	total failure count in last (1000) msecs:0;	average resp time:0.0;	90 percentile resp time:0.0;	95 percentile resp time:0.0;	min resp time:0.0;	max resp time:0.0;	stddev resp time:0.0]
]}ServerList:com.ai.vos.config.RibbonClientConfig$RegistryRibbonConfig$1@78d88c02
2020-10-01 22:50:48.893  INFO 32930 --- [http-nio-8889-exec-1] c.a.v.c.image.RegistryController         : info get total 1 registry
2020-10-01 22:51:28.328 DEBUG 32930 --- [http-nio-8889-exec-2] c.a.v.p.m.S.selectOneByExample           : ==>  Preparing: SELECT USER_ID,NAME,LOGIN_NAME,ORG_ID,MAIL,PASSWORD,STATUS,PHONE,ADDRESS,EXPIRE_TIME,LAST_MODIFY_PWD_TIME,REMARK,LANGUAGE_CODE,EMP_ID,FIRST_NAME,LAST_NAME,PINCODE_CODE,COUNTY_CODE,PROV_CODE,REGION_CODE,TENANT_ID,IS_ADMIN FROM sys_user WHERE ( ( NAME = ? ) ) 
2020-10-01 22:51:28.329 DEBUG 32930 --- [http-nio-8889-exec-2] c.a.v.p.m.S.selectOneByExample           : ==> Parameters: admin(String)
2020-10-01 22:51:28.332 DEBUG 32930 --- [http-nio-8889-exec-2] c.a.v.p.m.S.selectOneByExample           : <==      Total: 1
2020-10-01 23:11:29.394  WARN 32930 --- [HikariPool-1 housekeeper] com.zaxxer.hikari.pool.HikariPool        : HikariPool-1 - Thread starvation or clock leap detected (housekeeper delta=1m41s530ms).
2020-10-01 23:12:12.367 DEBUG 32930 --- [http-nio-8889-exec-3] c.a.v.p.m.S.selectOneByExample           : ==>  Preparing: SELECT USER_ID,NAME,LOGIN_NAME,ORG_ID,MAIL,PASSWORD,STATUS,PHONE,ADDRESS,EXPIRE_TIME,LAST_MODIFY_PWD_TIME,REMARK,LANGUAGE_CODE,EMP_ID,FIRST_NAME,LAST_NAME,PINCODE_CODE,COUNTY_CODE,PROV_CODE,REGION_CODE,TENANT_ID,IS_ADMIN FROM sys_user WHERE ( ( NAME = ? ) ) 
2020-10-01 23:12:12.367 DEBUG 32930 --- [http-nio-8889-exec-3] c.a.v.p.m.S.selectOneByExample           : ==> Parameters: admin(String)
2020-10-01 23:12:12.374 DEBUG 32930 --- [http-nio-8889-exec-3] c.a.v.p.m.S.selectOneByExample           : <==      Total: 1
2020-10-01 23:14:51.457  WARN 32930 --- [HikariPool-1 housekeeper] com.zaxxer.hikari.pool.HikariPool        : HikariPool-1 - Thread starvation or clock leap detected (housekeeper delta=1m38s129ms).
2020-10-01 23:16:47.651  WARN 32930 --- [HikariPool-1 housekeeper] com.zaxxer.hikari.pool.HikariPool        : HikariPool-1 - Thread starvation or clock leap detected (housekeeper delta=1m56s195ms).
2020-10-01 23:16:47.655 DEBUG 32930 --- [http-nio-8889-exec-4] c.a.v.p.m.S.selectOneByExample           : ==>  Preparing: SELECT USER_ID,NAME,LOGIN_NAME,ORG_ID,MAIL,PASSWORD,STATUS,PHONE,ADDRESS,EXPIRE_TIME,LAST_MODIFY_PWD_TIME,REMARK,LANGUAGE_CODE,EMP_ID,FIRST_NAME,LAST_NAME,PINCODE_CODE,COUNTY_CODE,PROV_CODE,REGION_CODE,TENANT_ID,IS_ADMIN FROM sys_user WHERE ( ( NAME = ? ) ) 
2020-10-01 23:16:47.656 DEBUG 32930 --- [http-nio-8889-exec-4] c.a.v.p.m.S.selectOneByExample           : ==> Parameters: admin(String)
2020-10-01 23:16:47.658 DEBUG 32930 --- [http-nio-8889-exec-4] c.a.v.p.m.S.selectOneByExample           : <==      Total: 1
2020-10-01 23:18:52.928  WARN 32930 --- [HikariPool-1 housekeeper] com.zaxxer.hikari.pool.HikariPool        : HikariPool-1 - Thread starvation or clock leap detected (housekeeper delta=54s950ms).
2020-10-01 23:20:21.157  WARN 32930 --- [HikariPool-1 housekeeper] com.zaxxer.hikari.pool.HikariPool        : HikariPool-1 - Thread starvation or clock leap detected (housekeeper delta=1m28s229ms).
2020-10-01 23:26:08.315  WARN 32930 --- [HikariPool-1 housekeeper] com.zaxxer.hikari.pool.HikariPool        : HikariPool-1 - Thread starvation or clock leap detected (housekeeper delta=4m27s591ms).
2020-10-01 23:26:31.036 DEBUG 32930 --- [http-nio-8889-exec-5] c.a.v.p.m.S.selectOneByExample           : ==>  Preparing: SELECT USER_ID,NAME,LOGIN_NAME,ORG_ID,MAIL,PASSWORD,STATUS,PHONE,ADDRESS,EXPIRE_TIME,LAST_MODIFY_PWD_TIME,REMARK,LANGUAGE_CODE,EMP_ID,FIRST_NAME,LAST_NAME,PINCODE_CODE,COUNTY_CODE,PROV_CODE,REGION_CODE,TENANT_ID,IS_ADMIN FROM sys_user WHERE ( ( NAME = ? ) ) 
2020-10-01 23:26:31.039 DEBUG 32930 --- [http-nio-8889-exec-5] c.a.v.p.m.S.selectOneByExample           : ==> Parameters: admin(String)
2020-10-01 23:26:31.054 DEBUG 32930 --- [http-nio-8889-exec-5] c.a.v.p.m.S.selectOneByExample           : <==      Total: 1
2020-10-01 23:39:43.777  WARN 32930 --- [HikariPool-1 housekeeper] com.zaxxer.hikari.pool.HikariPool        : HikariPool-1 - Thread starvation or clock leap detected (housekeeper delta=13m35s462ms).
